<?xml version="1.0" encoding="UTF-8"?>
<!-- Generated by org.testng.reporters.JUnitReportReporter -->
<testsuite hostname="Jayesh" failures="0" tests="1" name="com.sdet.TC_Login" time="43.290" errors="0" timestamp="2023-04-09T14:31:48 IST" skipped="0">
  <testcase classname="com.sdet.TC_Login" name="login_Test" time="43.290"/>
  <system-out/>
</testsuite> <!-- com.sdet.TC_Login -->
