<?xml version="1.0" encoding="UTF-8"?>
<!-- Generated by org.testng.reporters.JUnitReportReporter -->
<testsuite hostname="Jayesh" failures="0" tests="2" name="com.sdet.AppTest" time="0.028" errors="0" timestamp="2023-04-09T13:37:44 IST" skipped="0">
  <testcase classname="com.sdet.AppTest" name="testLogin1" time="0.025"/>
  <system-out/>
  <testcase classname="com.sdet.AppTest" name="testLogin2" time="0.003"/>
  <system-out/>
</testsuite> <!-- com.sdet.AppTest -->
